[LOG] System::create                           : Header version = 1.10.04. Current version = 1.10.04.
[LOG] SystemI::setOutputInternal               : Setting output to 'FMOD WASAPI Output'
[LOG] Manager::init                            : maxchannels = 1024 studioflags = 00000009 flags 00000000 extradriverdata 0000000000000000.
[LOG] SystemI::init                            : Initialize version=11004 (93853), maxchannels=1024, flags=0x00030000
[LOG] OutputWASAPI::init                       : Mix Format (WAVEFORMATEX): wFormatTag=0xFFFE, nChannels=2, nSamplesPerSec=48000, nAvgBytesPerSec=384000, nBlockAlign=8, wBitsPerSample=32, cbSize=22.
[LOG] OutputWASAPI::init                       : Mix Format (WAVEFORMATEXTENSIBLE): wValidBitsPerSample=32, dwChannelMask=0x00000003, SubFormat=00000003-0000-0010-8000-00AA00389B71.
[LOG] OutputWASAPI::init                       : Output buffer size: 4096 samples, latency: 0.00ms, period: 10.00ms, DSP buffer: 1024 * 4
[LOG] Thread::initThread                       : Init FMOD stream thread. Priority: 2, Stack Size: 65536, Semaphore: No, Sleep Time: 10, Looping: Yes.
[LOG] SystemI::DSPCodecPoolRegister            : register codec pool for pool type 5
[LOG] Thread::initThread                       : Init FMOD mixer thread. Priority: 3, Stack Size: 49152, Semaphore: No, Sleep Time: 0, Looping: Yes.
[LOG] AsyncManager::init                       : manager 00000000119A4A98 isAsync 1 updatePeriod 0.02
[LOG] Thread::initThread                       : Init FMOD Studio update thread. Priority: 0, Stack Size: 65536, Semaphore: No, Sleep Time: 1, Looping: No.
[LOG] AsyncManager::init                       : done
[LOG] PlaybackSystem::init                     : 
[LOG] Thread::initThread                       : Init FMOD Studio sample load thread. Priority: 0, Stack Size: 65536, Semaphore: No, Sleep Time: 1, Looping: No.
[LOG] PlaybackSystem::init                     : done
[LOG] LiveUpdate::init                         : 
[LOG] Thread::initThread                       : Init FMOD Studio bank load thread. Priority: 0, Stack Size: 65536, Semaphore: No, Sleep Time: 1, Looping: No.
[LOG] Manager::init                            : done.
[LOG] Profile::init                            : Profiler listening on port: 9264
[LOG] Manager::readBank                        : fileversion = 100, compatVersion = 99 (oldest = 44, newest = 100)
[LOG] Manager::readBank                        : fileversion = 100, compatVersion = 99 (oldest = 44, newest = 100)
[LOG] PlaybackSystem::acquireMasterBus         : Setting master channel group format to 6
[LOG] SystemI::createSoundInternal             : Create name='', mode=0x02000202
[LOG] SystemI::createSoundInternal             : exinfo->cbsize             = 232
[LOG] SystemI::createSoundInternal             : exinfo->length             = 2689376
[LOG] SystemI::createSoundInternal             : exinfo->fileoffset         = 36864
[LOG] SystemI::createSoundInternal             : exinfo->numsubsounds       = 1
[LOG] SystemI::createSoundInternal             : exinfo->inclusionlist      = 000000007FE2F5FC
[LOG] SystemI::createSoundInternal             : exinfo->inclusionlistnum   = 1
[LOG] SystemI::createSoundInternal             : exinfo->suggestedsoundtype = 5
[LOG] SystemI::createSoundInternal             : exinfo->useropen           = 00007FF8DA1AE310
[LOG] SystemI::createSoundInternal             : exinfo->userclose          = 00007FF8DA1AE2E0
[LOG] SystemI::createSoundInternal             : exinfo->userread           = 00007FF8DA1AE3E0
[LOG] SystemI::createSoundInternal             : exinfo->userseek           = 00007FF8DA1AE490
[LOG] SystemI::createSoundInternal             : exinfo->fileuserdata       = 000000005BD01638
[LOG] SystemI::createSoundInternal             : exinfo->initialseekpostype = 1
[LOG] SystemI::DSPCodecPoolRegister            : register codec pool for pool type 5
[LOG] SystemI::createSoundInternal             : Sample 0/1: name='Human, Eat, Food, Close, Wet, Disgusting SND22952', format=2, channels=2, frequency=48000, lengthbytes=49248, lengthpcm=148879, pcmblocksize=0, loopstart=0, loopend=0, mode=0x00000000, channelmask=0x00000000, channelorder=0, peakvolume=0.855093.
[LOG] SystemI::createSoundInternal             : Create name='', mode=0x02000202
[LOG] SystemI::createSoundInternal             : exinfo->cbsize             = 232
[LOG] SystemI::createSoundInternal             : exinfo->length             = 2689376
[LOG] SystemI::createSoundInternal             : exinfo->fileoffset         = 36864
[LOG] SystemI::createSoundInternal             : exinfo->numsubsounds       = 1
[LOG] SystemI::createSoundInternal             : exinfo->inclusionlist      = 000000007FE2F5FC
[LOG] SystemI::createSoundInternal             : exinfo->inclusionlistnum   = 1
[LOG] SystemI::createSoundInternal             : exinfo->suggestedsoundtype = 5
[LOG] SystemI::createSoundInternal             : exinfo->useropen           = 00007FF8DA1AE310
[LOG] SystemI::createSoundInternal             : exinfo->userclose          = 00007FF8DA1AE2E0
[LOG] SystemI::createSoundInternal             : exinfo->userread           = 00007FF8DA1AE3E0
[LOG] SystemI::createSoundInternal             : exinfo->userseek           = 00007FF8DA1AE490
[LOG] SystemI::createSoundInternal             : exinfo->fileuserdata       = 000000005BD01638
[LOG] SystemI::createSoundInternal             : exinfo->initialseekpostype = 1
[LOG] SystemI::DSPCodecPoolRegister            : register codec pool for pool type 5
[LOG] SystemI::createSoundInternal             : Sample 0/1: name='Human, Eating, Chewing Potato Chips 1 SND12822', format=2, channels=2, frequency=48000, lengthbytes=18112, lengthpcm=55370, pcmblocksize=0, loopstart=0, loopend=0, mode=0x00000000, channelmask=0x00000000, channelorder=0, peakvolume=0.495456.
[LOG] SystemI::createSoundInternal             : Create name='', mode=0x02000202
[LOG] SystemI::createSoundInternal             : exinfo->cbsize             = 232
[LOG] SystemI::createSoundInternal             : exinfo->length             = 2689376
[LOG] SystemI::createSoundInternal             : exinfo->fileoffset         = 36864
[LOG] SystemI::createSoundInternal             : exinfo->numsubsounds       = 1
[LOG] SystemI::createSoundInternal             : exinfo->inclusionlist      = 000000007FE2F5FC
[LOG] SystemI::createSoundInternal             : exinfo->inclusionlistnum   = 1
[LOG] SystemI::createSoundInternal             : exinfo->suggestedsoundtype = 5
[LOG] SystemI::createSoundInternal             : exinfo->useropen           = 00007FF8DA1AE310
[LOG] SystemI::createSoundInternal             : exinfo->userclose          = 00007FF8DA1AE2E0
[LOG] SystemI::createSoundInternal             : exinfo->userread           = 00007FF8DA1AE3E0
[LOG] SystemI::createSoundInternal             : exinfo->userseek           = 00007FF8DA1AE490
[LOG] SystemI::createSoundInternal             : exinfo->fileuserdata       = 000000005BD01638
[LOG] SystemI::createSoundInternal             : exinfo->initialseekpostype = 1
[LOG] SystemI::DSPCodecPoolRegister            : register codec pool for pool type 5
[LOG] SystemI::createSoundInternal             : Sample 0/1: name='Human, Male, Vomit, Gag, Choke 1 SND23306 3', format=2, channels=2, frequency=48000, lengthbytes=45152, lengthpcm=172063, pcmblocksize=0, loopstart=0, loopend=0, mode=0x00000000, channelmask=0x00000000, channelorder=0, peakvolume=0.707946.
[LOG] SystemI::createSoundInternal             : Create name='', mode=0x02000202
[LOG] SystemI::createSoundInternal             : exinfo->cbsize             = 232
[LOG] SystemI::createSoundInternal             : exinfo->length             = 2689376
[LOG] SystemI::createSoundInternal             : exinfo->fileoffset         = 36864
[LOG] SystemI::createSoundInternal             : exinfo->numsubsounds       = 1
[LOG] SystemI::createSoundInternal             : exinfo->inclusionlist      = 000000007FE2F5FC
[LOG] SystemI::createSoundInternal             : exinfo->inclusionlistnum   = 1
[LOG] SystemI::createSoundInternal             : exinfo->suggestedsoundtype = 5
[LOG] SystemI::createSoundInternal             : exinfo->useropen           = 00007FF8DA1AE310
[LOG] SystemI::createSoundInternal             : exinfo->userclose          = 00007FF8DA1AE2E0
[LOG] SystemI::createSoundInternal             : exinfo->userread           = 00007FF8DA1AE3E0
[LOG] SystemI::createSoundInternal             : exinfo->userseek           = 00007FF8DA1AE490
[LOG] SystemI::createSoundInternal             : exinfo->fileuserdata       = 000000005BD01638
[LOG] SystemI::createSoundInternal             : exinfo->initialseekpostype = 1
[LOG] SystemI::DSPCodecPoolRegister            : register codec pool for pool type 5
[LOG] SystemI::createSoundInternal             : Sample 0/1: name='Rock_Robot', format=2, channels=2, frequency=48000, lengthbytes=25056, lengthpcm=82285, pcmblocksize=0, loopstart=0, loopend=0, mode=0x00000000, channelmask=0x00000000, channelorder=0, peakvolume=0.999969.
[LOG] SystemI::createSoundInternal             : Create name='', mode=0x02000202
[LOG] SystemI::createSoundInternal             : exinfo->cbsize             = 232
[LOG] SystemI::createSoundInternal             : exinfo->length             = 2689376
[LOG] SystemI::createSoundInternal             : exinfo->fileoffset         = 36864
[LOG] SystemI::createSoundInternal             : exinfo->numsubsounds       = 1
[LOG] SystemI::createSoundInternal             : exinfo->inclusionlist      = 000000007FE2F5FC
[LOG] SystemI::createSoundInternal             : exinfo->inclusionlistnum   = 1
[LOG] SystemI::createSoundInternal             : exinfo->suggestedsoundtype = 5
[LOG] SystemI::createSoundInternal             : exinfo->useropen           = 00007FF8DA1AE310
[LOG] SystemI::createSoundInternal             : exinfo->userclose          = 00007FF8DA1AE2E0
[LOG] SystemI::createSoundInternal             : exinfo->userread           = 00007FF8DA1AE3E0
[LOG] SystemI::createSoundInternal             : exinfo->userseek           = 00007FF8DA1AE490
[LOG] SystemI::createSoundInternal             : exinfo->fileuserdata       = 000000005BD01638
[LOG] SystemI::createSoundInternal             : exinfo->initialseekpostype = 1
[LOG] SystemI::DSPCodecPoolRegister            : register codec pool for pool type 5
[LOG] SystemI::createSoundInternal             : Sample 0/1: name='Cartoon, Twang, Bounce, Boing, Spring 2 SND15415', format=2, channels=2, frequency=48000, lengthbytes=31360, lengthpcm=122733, pcmblocksize=0, loopstart=0, loopend=0, mode=0x00000000, channelmask=0x00000000, channelorder=0, peakvolume=0.891251.
[LOG] SystemI::createSoundInternal             : Create name='', mode=0x02000202
[LOG] SystemI::createSoundInternal             : exinfo->cbsize             = 232
[LOG] SystemI::createSoundInternal             : exinfo->length             = 2689376
[LOG] SystemI::createSoundInternal             : exinfo->fileoffset         = 36864
[LOG] SystemI::createSoundInternal             : exinfo->numsubsounds       = 1
[LOG] SystemI::createSoundInternal             : exinfo->inclusionlist      = 000000007FE2F5FC
[LOG] SystemI::createSoundInternal             : exinfo->inclusionlistnum   = 1
[LOG] SystemI::createSoundInternal             : exinfo->suggestedsoundtype = 5
[LOG] SystemI::createSoundInternal             : exinfo->useropen           = 00007FF8DA1AE310
[LOG] SystemI::createSoundInternal             : exinfo->userclose          = 00007FF8DA1AE2E0
[LOG] SystemI::createSoundInternal             : exinfo->userread           = 00007FF8DA1AE3E0
[LOG] SystemI::createSoundInternal             : exinfo->userseek           = 00007FF8DA1AE490
[LOG] SystemI::createSoundInternal             : exinfo->fileuserdata       = 000000005BD01638
[LOG] SystemI::createSoundInternal             : exinfo->initialseekpostype = 1
[LOG] SystemI::DSPCodecPoolRegister            : register codec pool for pool type 5
[LOG] SystemI::createSoundInternal             : Sample 0/1: name='Transitionbeat', format=2, channels=2, frequency=48000, lengthbytes=71616, lengthpcm=256000, pcmblocksize=0, loopstart=0, loopend=0, mode=0x00000000, channelmask=0x00000000, channelorder=0, peakvolume=0.999969.
[LOG] SystemI::createSoundInternal             : Create name='', mode=0x02000202
[LOG] SystemI::createSoundInternal             : exinfo->cbsize             = 232
[LOG] SystemI::createSoundInternal             : exinfo->length             = 2689376
[LOG] SystemI::createSoundInternal             : exinfo->fileoffset         = 36864
[LOG] SystemI::createSoundInternal             : exinfo->numsubsounds       = 1
[LOG] SystemI::createSoundInternal             : exinfo->inclusionlist      = 000000007FE2F5FC
[LOG] SystemI::createSoundInternal             : exinfo->inclusionlistnum   = 1
[LOG] SystemI::createSoundInternal             : exinfo->suggestedsoundtype = 5
[LOG] SystemI::createSoundInternal             : exinfo->useropen           = 00007FF8DA1AE310
[LOG] SystemI::createSoundInternal             : exinfo->userclose          = 00007FF8DA1AE2E0
[LOG] SystemI::createSoundInternal             : exinfo->userread           = 00007FF8DA1AE3E0
[LOG] SystemI::createSoundInternal             : exinfo->userseek           = 00007FF8DA1AE490
[LOG] SystemI::createSoundInternal             : exinfo->fileuserdata       = 000000005BD01638
[LOG] SystemI::createSoundInternal             : exinfo->initialseekpostype = 1
[LOG] SystemI::DSPCodecPoolRegister            : register codec pool for pool type 5
[LOG] SystemI::createSoundInternal             : Sample 0/1: name='SFX_ButtonPress_Fail_1', format=2, channels=2, frequency=48000, lengthbytes=3584, lengthpcm=24000, pcmblocksize=0, loopstart=0, loopend=0, mode=0x00000000, channelmask=0x00000000, channelorder=0, peakvolume=0.707177.
[LOG] SystemI::createSoundInternal             : Create name='', mode=0x02000202
[LOG] SystemI::createSoundInternal             : exinfo->cbsize             = 232
[LOG] SystemI::createSoundInternal             : exinfo->length             = 2689376
[LOG] SystemI::createSoundInternal             : exinfo->fileoffset         = 36864
[LOG] SystemI::createSoundInternal             : exinfo->numsubsounds       = 1
[LOG] SystemI::createSoundInternal             : exinfo->inclusionlist      = 000000007FE2F5FC
[LOG] SystemI::createSoundInternal             : exinfo->inclusionlistnum   = 1
[LOG] SystemI::createSoundInternal             : exinfo->suggestedsoundtype = 5
[LOG] SystemI::createSoundInternal             : exinfo->useropen           = 00007FF8DA1AE310
[LOG] SystemI::createSoundInternal             : exinfo->userclose          = 00007FF8DA1AE2E0
[LOG] SystemI::createSoundInternal             : exinfo->userread           = 00007FF8DA1AE3E0
[LOG] SystemI::createSoundInternal             : exinfo->userseek           = 00007FF8DA1AE490
[LOG] SystemI::createSoundInternal             : exinfo->fileuserdata       = 000000005BD01638
[LOG] SystemI::createSoundInternal             : exinfo->initialseekpostype = 1
[LOG] SystemI::DSPCodecPoolRegister            : register codec pool for pool type 5
[LOG] SystemI::createSoundInternal             : Sample 0/1: name='Human, Eating, Chewing Potato Chips 1 SND12822 3', format=2, channels=2, frequency=48000, lengthbytes=44480, lengthpcm=145346, pcmblocksize=0, loopstart=0, loopend=0, mode=0x00000000, channelmask=0x00000000, channelorder=0, peakvolume=0.467591.
[LOG] SystemI::createSoundInternal             : Create name='', mode=0x02000202
[LOG] SystemI::createSoundInternal             : exinfo->cbsize             = 232
[LOG] SystemI::createSoundInternal             : exinfo->length             = 2689376
[LOG] SystemI::createSoundInternal             : exinfo->fileoffset         = 36864
[LOG] SystemI::createSoundInternal             : exinfo->numsubsounds       = 1
[LOG] SystemI::createSoundInternal             : exinfo->inclusionlist      = 000000007FE2F5FC
[LOG] SystemI::createSoundInternal             : exinfo->inclusionlistnum   = 1
[LOG] SystemI::createSoundInternal             : exinfo->suggestedsoundtype = 5
[LOG] SystemI::createSoundInternal             : exinfo->useropen           = 00007FF8DA1AE310
[LOG] SystemI::createSoundInternal             : exinfo->userclose          = 00007FF8DA1AE2E0
[LOG] SystemI::createSoundInternal             : exinfo->userread           = 00007FF8DA1AE3E0
[LOG] SystemI::createSoundInternal             : exinfo->userseek           = 00007FF8DA1AE490
[LOG] SystemI::createSoundInternal             : exinfo->fileuserdata       = 000000005BD01638
[LOG] SystemI::createSoundInternal             : exinfo->initialseekpostype = 1
[LOG] SystemI::DSPCodecPoolRegister            : register codec pool for pool type 5
[LOG] SystemI::createSoundInternal             : Sample 0/1: name='Rock_Transitionbeat', format=2, channels=2, frequency=48000, lengthbytes=48384, lengthpcm=164571, pcmblocksize=0, loopstart=0, loopend=0, mode=0x00000000, channelmask=0x00000000, channelorder=0, peakvolume=0.999481.
[LOG] SystemI::createSoundInternal             : Create name='', mode=0x02000202
[LOG] SystemI::createSoundInternal             : exinfo->cbsize             = 232
[LOG] SystemI::createSoundInternal             : exinfo->length             = 2689376
[LOG] SystemI::createSoundInternal             : exinfo->fileoffset         = 36864
[LOG] SystemI::createSoundInternal             : exinfo->numsubsounds       = 1
[LOG] SystemI::createSoundInternal             : exinfo->inclusionlist      = 000000007FE2F5FC
[LOG] SystemI::createSoundInternal             : exinfo->inclusionlistnum   = 1
[LOG] SystemI::createSoundInternal             : exinfo->suggestedsoundtype = 5
[LOG] SystemI::createSoundInternal             : exinfo->useropen           = 00007FF8DA1AE310
[LOG] SystemI::createSoundInternal             : exinfo->userclose          = 00007FF8DA1AE2E0
[LOG] SystemI::createSoundInternal             : exinfo->userread           = 00007FF8DA1AE3E0
[LOG] SystemI::createSoundInternal             : exinfo->userseek           = 00007FF8DA1AE490
[LOG] SystemI::createSoundInternal             : exinfo->fileuserdata       = 000000005BD01638
[LOG] SystemI::createSoundInternal             : exinfo->initialseekpostype = 1
[LOG] SystemI::DSPCodecPoolRegister            : register codec pool for pool type 5
[LOG] SystemI::createSoundInternal             : Sample 0/1: name='Inräkning 01', format=2, channels=2, frequency=48000, lengthbytes=36000, lengthpcm=128000, pcmblocksize=0, loopstart=0, loopend=0, mode=0x00000000, channelmask=0x00000000, channelorder=0, peakvolume=0.994324.
[LOG] SystemI::createSoundInternal             : Create name='', mode=0x02000202
[LOG] SystemI::createSoundInternal             : exinfo->cbsize             = 232
[LOG] SystemI::createSoundInternal             : exinfo->length             = 2689376
[LOG] SystemI::createSoundInternal             : exinfo->fileoffset         = 36864
[LOG] SystemI::createSoundInternal             : exinfo->numsubsounds       = 1
[LOG] SystemI::createSoundInternal             : exinfo->inclusionlist      = 000000007FE2F5FC
[LOG] SystemI::createSoundInternal             : exinfo->inclusionlistnum   = 1
[LOG] SystemI::createSoundInternal             : exinfo->suggestedsoundtype = 5
[LOG] SystemI::createSoundInternal             : exinfo->useropen           = 00007FF8DA1AE310
[LOG] SystemI::createSoundInternal             : exinfo->userclose          = 00007FF8DA1AE2E0
[LOG] SystemI::createSoundInternal             : exinfo->userread           = 00007FF8DA1AE3E0
[LOG] SystemI::createSoundInternal             : exinfo->userseek           = 00007FF8DA1AE490
[LOG] SystemI::createSoundInternal             : exinfo->fileuserdata       = 000000005BD01638
[LOG] SystemI::createSoundInternal             : exinfo->initialseekpostype = 1
[LOG] SystemI::DSPCodecPoolRegister            : register codec pool for pool type 5
[LOG] SystemI::createSoundInternal             : Sample 0/1: name='SFX_Health_Up', format=2, channels=2, frequency=48000, lengthbytes=14656, lengthpcm=56152, pcmblocksize=0, loopstart=0, loopend=0, mode=0x00000000, channelmask=0x00000000, channelorder=0, peakvolume=0.998588.
[LOG] SystemI::createSoundInternal             : Create name='', mode=0x02000202
[LOG] SystemI::createSoundInternal             : exinfo->cbsize             = 232
[LOG] SystemI::createSoundInternal             : exinfo->length             = 2689376
[LOG] SystemI::createSoundInternal             : exinfo->fileoffset         = 36864
[LOG] SystemI::createSoundInternal             : exinfo->numsubsounds       = 1
[LOG] SystemI::createSoundInternal             : exinfo->inclusionlist      = 000000007FE2F5FC
[LOG] SystemI::createSoundInternal             : exinfo->inclusionlistnum   = 1
[LOG] SystemI::createSoundInternal             : exinfo->suggestedsoundtype = 5
[LOG] SystemI::createSoundInternal             : exinfo->useropen           = 00007FF8DA1AE310
[LOG] SystemI::createSoundInternal             : exinfo->userclose          = 00007FF8DA1AE2E0
[LOG] SystemI::createSoundInternal             : exinfo->userread           = 00007FF8DA1AE3E0
[LOG] SystemI::createSoundInternal             : exinfo->userseek           = 00007FF8DA1AE490
[LOG] SystemI::createSoundInternal             : exinfo->fileuserdata       = 000000005BD01638
[LOG] SystemI::createSoundInternal             : exinfo->initialseekpostype = 1
[LOG] SystemI::DSPCodecPoolRegister            : register codec pool for pool type 5
[LOG] SystemI::createSoundInternal             : Sample 0/1: name='SFX_Health_Damage', format=2, channels=2, frequency=48000, lengthbytes=14144, lengthpcm=63670, pcmblocksize=0, loopstart=0, loopend=0, mode=0x00000000, channelmask=0x00000000, channelorder=0, peakvolume=0.530783.
[LOG] SystemI::createSoundInternal             : Create name='', mode=0x02000202
[LOG] SystemI::createSoundInternal             : exinfo->cbsize             = 232
[LOG] SystemI::createSoundInternal             : exinfo->length             = 2689376
[LOG] SystemI::createSoundInternal             : exinfo->fileoffset         = 36864
[LOG] SystemI::createSoundInternal             : exinfo->numsubsounds       = 1
[LOG] SystemI::createSoundInternal             : exinfo->inclusionlist      = 000000007FE2F5FC
[LOG] SystemI::createSoundInternal             : exinfo->inclusionlistnum   = 1
[LOG] SystemI::createSoundInternal             : exinfo->suggestedsoundtype = 5
[LOG] SystemI::createSoundInternal             : exinfo->useropen           = 00007FF8DA1AE310
[LOG] SystemI::createSoundInternal             : exinfo->userclose          = 00007FF8DA1AE2E0
[LOG] SystemI::createSoundInternal             : exinfo->userread           = 00007FF8DA1AE3E0
[LOG] SystemI::createSoundInternal             : exinfo->userseek           = 00007FF8DA1AE490
[LOG] SystemI::createSoundInternal             : exinfo->fileuserdata       = 000000005BD01638
[LOG] SystemI::createSoundInternal             : exinfo->initialseekpostype = 1
[LOG] SystemI::DSPCodecPoolRegister            : register codec pool for pool type 5
[LOG] SystemI::createSoundInternal             : Sample 0/1: name='SFX_ButtonPress_OK_1', format=2, channels=2, frequency=48000, lengthbytes=1024, lengthpcm=10683, pcmblocksize=0, loopstart=0, loopend=0, mode=0x00000000, channelmask=0x00000000, channelorder=0, peakvolume=0.707212.
[LOG] SystemI::createSoundInternal             : Create name='', mode=0x02000202
[LOG] SystemI::createSoundInternal             : exinfo->cbsize             = 232
[LOG] SystemI::createSoundInternal             : exinfo->length             = 2689376
[LOG] SystemI::createSoundInternal             : exinfo->fileoffset         = 36864
[LOG] SystemI::createSoundInternal             : exinfo->numsubsounds       = 1
[LOG] SystemI::createSoundInternal             : exinfo->inclusionlist      = 000000007FE2F5FC
[LOG] SystemI::createSoundInternal             : exinfo->inclusionlistnum   = 1
[LOG] SystemI::createSoundInternal             : exinfo->suggestedsoundtype = 5
[LOG] SystemI::createSoundInternal             : exinfo->useropen           = 00007FF8DA1AE310
[LOG] SystemI::createSoundInternal             : exinfo->userclose          = 00007FF8DA1AE2E0
[LOG] SystemI::createSoundInternal             : exinfo->userread           = 00007FF8DA1AE3E0
[LOG] SystemI::createSoundInternal             : exinfo->userseek           = 00007FF8DA1AE490
[LOG] SystemI::createSoundInternal             : exinfo->fileuserdata       = 000000005BD01638
[LOG] SystemI::createSoundInternal             : exinfo->initialseekpostype = 1
[LOG] SystemI::DSPCodecPoolRegister            : register codec pool for pool type 5
[LOG] SystemI::createSoundInternal             : Sample 0/1: name='Inräkning', format=2, channels=2, frequency=48000, lengthbytes=34976, lengthpcm=128000, pcmblocksize=0, loopstart=0, loopend=0, mode=0x00000000, channelmask=0x00000000, channelorder=0, peakvolume=0.999969.
[LOG] SystemI::createSoundInternal             : Create name='', mode=0x02000202
[LOG] SystemI::createSoundInternal             : exinfo->cbsize             = 232
[LOG] SystemI::createSoundInternal             : exinfo->length             = 2689376
[LOG] SystemI::createSoundInternal             : exinfo->fileoffset         = 36864
[LOG] SystemI::createSoundInternal             : exinfo->numsubsounds       = 1
[LOG] SystemI::createSoundInternal             : exinfo->inclusionlist      = 000000007FE2F5FC
[LOG] SystemI::createSoundInternal             : exinfo->inclusionlistnum   = 1
[LOG] SystemI::createSoundInternal             : exinfo->suggestedsoundtype = 5
[LOG] SystemI::createSoundInternal             : exinfo->useropen           = 00007FF8DA1AE310
[LOG] SystemI::createSoundInternal             : exinfo->userclose          = 00007FF8DA1AE2E0
[LOG] SystemI::createSoundInternal             : exinfo->userread           = 00007FF8DA1AE3E0
[LOG] SystemI::createSoundInternal             : exinfo->userseek           = 00007FF8DA1AE490
[LOG] SystemI::createSoundInternal             : exinfo->fileuserdata       = 000000005BD01638
[LOG] SystemI::createSoundInternal             : exinfo->initialseekpostype = 1
[LOG] SystemI::DSPCodecPoolRegister            : register codec pool for pool type 5
[LOG] SystemI::createSoundInternal             : Sample 0/1: name='Rock_Inräkning_01', format=2, channels=2, frequency=48000, lengthbytes=20352, lengthpcm=82285, pcmblocksize=0, loopstart=0, loopend=0, mode=0x00000000, channelmask=0x00000000, channelorder=0, peakvolume=0.997437.
[LOG] SystemI::createSoundInternal             : Create name='', mode=0x02000202
[LOG] SystemI::createSoundInternal             : exinfo->cbsize             = 232
[LOG] SystemI::createSoundInternal             : exinfo->length             = 2689376
[LOG] SystemI::createSoundInternal             : exinfo->fileoffset         = 36864
[LOG] SystemI::createSoundInternal             : exinfo->numsubsounds       = 1
[LOG] SystemI::createSoundInternal             : exinfo->inclusionlist      = 000000007FE2F5FC
[LOG] SystemI::createSoundInternal             : exinfo->inclusionlistnum   = 1
[LOG] SystemI::createSoundInternal             : exinfo->suggestedsoundtype = 5
[LOG] SystemI::createSoundInternal             : exinfo->useropen           = 00007FF8DA1AE310
[LOG] SystemI::createSoundInternal             : exinfo->userclose          = 00007FF8DA1AE2E0
[LOG] SystemI::createSoundInternal             : exinfo->userread           = 00007FF8DA1AE3E0
[LOG] SystemI::createSoundInternal             : exinfo->userseek           = 00007FF8DA1AE490
[LOG] SystemI::createSoundInternal             : exinfo->fileuserdata       = 000000005BD01638
[LOG] SystemI::createSoundInternal             : exinfo->initialseekpostype = 1
[LOG] SystemI::DSPCodecPoolRegister            : register codec pool for pool type 5
[LOG] SystemI::createSoundInternal             : Sample 0/1: name='SFX_ButtonPress_Perfect_1', format=2, channels=2, frequency=48000, lengthbytes=9120, lengthpcm=30690, pcmblocksize=0, loopstart=0, loopend=0, mode=0x00000000, channelmask=0x00000000, channelorder=0, peakvolume=0.707214.
[LOG] SystemI::createSoundInternal             : Create name='', mode=0x02000202
[LOG] SystemI::createSoundInternal             : exinfo->cbsize             = 232
[LOG] SystemI::createSoundInternal             : exinfo->length             = 2689376
[LOG] SystemI::createSoundInternal             : exinfo->fileoffset         = 36864
[LOG] SystemI::createSoundInternal             : exinfo->numsubsounds       = 1
[LOG] SystemI::createSoundInternal             : exinfo->inclusionlist      = 000000007FE2F5FC
[LOG] SystemI::createSoundInternal             : exinfo->inclusionlistnum   = 1
[LOG] SystemI::createSoundInternal             : exinfo->suggestedsoundtype = 5
[LOG] SystemI::createSoundInternal             : exinfo->useropen           = 00007FF8DA1AE310
[LOG] SystemI::createSoundInternal             : exinfo->userclose          = 00007FF8DA1AE2E0
[LOG] SystemI::createSoundInternal             : exinfo->userread           = 00007FF8DA1AE3E0
[LOG] SystemI::createSoundInternal             : exinfo->userseek           = 00007FF8DA1AE490
[LOG] SystemI::createSoundInternal             : exinfo->fileuserdata       = 000000005BD01638
[LOG] SystemI::createSoundInternal             : exinfo->initialseekpostype = 1
[LOG] SystemI::DSPCodecPoolRegister            : register codec pool for pool type 5
[LOG] SystemI::createSoundInternal             : Sample 0/1: name='Rock_Inräkning_02', format=2, channels=2, frequency=48000, lengthbytes=45600, lengthpcm=164571, pcmblocksize=0, loopstart=0, loopend=0, mode=0x00000000, channelmask=0x00000000, channelorder=0, peakvolume=0.998138.
[LOG] SystemI::createSoundInternal             : Create name='', mode=0x02000202
[LOG] SystemI::createSoundInternal             : exinfo->cbsize             = 232
[LOG] SystemI::createSoundInternal             : exinfo->length             = 2689376
[LOG] SystemI::createSoundInternal             : exinfo->fileoffset         = 36864
[LOG] SystemI::createSoundInternal             : exinfo->numsubsounds       = 1
[LOG] SystemI::createSoundInternal             : exinfo->inclusionlist      = 000000007FE2F5FC
[LOG] SystemI::createSoundInternal             : exinfo->inclusionlistnum   = 1
[LOG] SystemI::createSoundInternal             : exinfo->suggestedsoundtype = 5
[LOG] SystemI::createSoundInternal             : exinfo->useropen           = 00007FF8DA1AE310
[LOG] SystemI::createSoundInternal             : exinfo->userclose          = 00007FF8DA1AE2E0
[LOG] SystemI::createSoundInternal             : exinfo->userread           = 00007FF8DA1AE3E0
[LOG] SystemI::createSoundInternal             : exinfo->userseek           = 00007FF8DA1AE490
[LOG] SystemI::createSoundInternal             : exinfo->fileuserdata       = 000000005BD01638
[LOG] SystemI::createSoundInternal             : exinfo->initialseekpostype = 1
[LOG] SystemI::DSPCodecPoolRegister            : register codec pool for pool type 5
[LOG] SystemI::createSoundInternal             : Sample 0/1: name='Human, Eating, Chewing Potato Chips 1 SND12822 1', format=2, channels=2, frequency=48000, lengthbytes=16576, lengthpcm=55370, pcmblocksize=0, loopstart=0, loopend=0, mode=0x00000000, channelmask=0x00000000, channelorder=0, peakvolume=0.455558.
[LOG] SystemI::createSoundInternal             : Create name='', mode=0x02000202
[LOG] SystemI::createSoundInternal             : exinfo->cbsize             = 232
[LOG] SystemI::createSoundInternal             : exinfo->length             = 2689376
[LOG] SystemI::createSoundInternal             : exinfo->fileoffset         = 36864
[LOG] SystemI::createSoundInternal             : exinfo->numsubsounds       = 1
[LOG] SystemI::createSoundInternal             : exinfo->inclusionlist      = 000000007FE2F5FC
[LOG] SystemI::createSoundInternal             : exinfo->inclusionlistnum   = 1
[LOG] SystemI::createSoundInternal             : exinfo->suggestedsoundtype = 5
[LOG] SystemI::createSoundInternal             : exinfo->useropen           = 00007FF8DA1AE310
[LOG] SystemI::createSoundInternal             : exinfo->userclose          = 00007FF8DA1AE2E0
[LOG] SystemI::createSoundInternal             : exinfo->userread           = 00007FF8DA1AE3E0
[LOG] SystemI::createSoundInternal             : exinfo->userseek           = 00007FF8DA1AE490
[LOG] SystemI::createSoundInternal             : exinfo->fileuserdata       = 000000005BD01638
[LOG] SystemI::createSoundInternal             : exinfo->initialseekpostype = 1
[LOG] SystemI::DSPCodecPoolRegister            : register codec pool for pool type 5
[LOG] SystemI::createSoundInternal             : Sample 0/1: name='SFX_Crowd_Cheer_2', format=2, channels=2, frequency=48000, lengthbytes=120704, lengthpcm=319526, pcmblocksize=0, loopstart=0, loopend=0, mode=0x00000000, channelmask=0x00000000, channelorder=0, peakvolume=0.598896.
[LOG] SystemI::createSound                     : filename = FmodStuff\Build\Desktop/Master Bank.bank : mode 02010082
[LOG] SystemI::createSound                     : FMOD_NONBLOCKING specified.  Putting into queue to be opened asynchronously!
[LOG] Thread::initThread                       : Init FMOD nonblocking thread (0). Priority: 1, Stack Size: 81920, Semaphore: Yes, Sleep Time: 0, Looping: Yes.
[LOG] SystemI::createSound                     : setdata soundi = 0000000016BAC658 : node = 000000004D6C2880
[LOG] SystemI::createSound                     : add node to async list : head = 000000004D6F0E28.  list count = 0
[LOG] AsyncThread::threadFunc                  : Starting Asynchronous operation on sound 0000000016BAC658
[LOG] SystemI::createSoundInternal             :     Create name='FmodStuff\Build\Desktop/Master Bank.bank', mode=0x02010082
[LOG] SystemI::createSoundInternal             :     exinfo->cbsize             = 232
[LOG] SystemI::createSoundInternal             :     exinfo->length             = 2689376
[LOG] SystemI::createSoundInternal             :     exinfo->fileoffset         = 36864
[LOG] SystemI::createSoundInternal             :     exinfo->numsubsounds       = 1
[LOG] SystemI::createSoundInternal             :     exinfo->inclusionlist      = 000000004D6C2998
[LOG] SystemI::createSoundInternal             :     exinfo->inclusionlistnum   = 1
[LOG] SystemI::createSoundInternal             :     exinfo->suggestedsoundtype = 5
[LOG] SystemI::createSoundInternal             :     exinfo->initialseekpostype = 1
[LOG] SystemI::createSoundInternal             :     Stream 0/1: name='Funk06_A', format=2, channels=2, frequency=48000, lengthbytes=632160, lengthpcm=2048000, pcmblocksize=0, loopstart=0, loopend=0, mode=0x00000000, channelmask=0x00000000, channelorder=0, peakvolume=0.999969.
[LOG] Thread::initThread                       :     Init FMOD file thread. Priority: 1, Stack Size: 16384, Semaphore: No, Sleep Time: 10, Looping: Yes.
[LOG] AsyncThread::threadFunc                  : Finished Asynchronous operation on sound 0000000016BAC658
[LOG] SoundI::getSubSound                      : sound 0000000016BAC658.  Subsound index 0 / 1
[LOG] SoundI::release                          : Funk06_A (0000000016BAC658)
[LOG] SoundI::release                          :     Funk06_A (000000000077DDC8)
[LOG] SoundI::release                          :     Funk06_A (0000000016BAC808)
[LOG] SoundI::release                          :  (000000000CD60838)
[LOG] SoundI::release                          :     SFX_ButtonPress_Fail_1 (000000005BBC40B8)
[LOG] SoundI::release                          :  (0000000043480548)
[LOG] SoundI::release                          :     SFX_ButtonPress_OK_1 (000000005BBC4C18)
[LOG] SoundI::release                          :  (000000005BBA31D8)
[LOG] SoundI::release                          :     SFX_ButtonPress_Perfect_1 (000000005BBCB5C8)
[LOG] SoundI::release                          :  (000000000CD60108)
[LOG] SoundI::release                          :     Human, Eating, Chewing Potato Chips 1 SND12822 3 (000000005BBC43F8)
[LOG] SoundI::release                          :  (000000000CE15548)
[LOG] SoundI::release                          :     Human, Male, Vomit, Gag, Choke 1 SND23306 3 (000000000CDEADC8)
[LOG] SoundI::release                          :  (000000000CE13FB8)
[LOG] SoundI::release                          :     Cartoon, Twang, Bounce, Boing, Spring 2 SND15415 (000000005BBC4258)
[LOG] SoundI::release                          :  (000000005BBA24E8)
[LOG] SoundI::release                          :     Human, Eating, Chewing Potato Chips 1 SND12822 1 (000000005BBCBDE8)
[LOG] SoundI::release                          :  (000000000CE14B38)
[LOG] SoundI::release                          :     Human, Eating, Chewing Potato Chips 1 SND12822 (000000000CDEA8E8)
[LOG] SoundI::release                          :  (000000000CE149C8)
[LOG] SoundI::release                          :     Human, Eat, Food, Close, Wet, Disgusting SND22952 (000000000CDEAA88)
[LOG] SoundI::release                          :  (000000005BBA3348)
[LOG] SoundI::release                          :     SFX_Crowd_Cheer_2 (000000005BBCB0E8)
[LOG] SoundI::release                          :  (000000004DA151E8)
[LOG] SoundI::release                          :     Inräkning (000000005BBCB428)
[LOG] SoundI::release                          :  (000000000CD60558)
[LOG] SoundI::release                          :     Inräkning 01 (000000005BBC4738)
[LOG] SoundI::release                          :  (000000000CD5FF98)
[LOG] SoundI::release                          :     Transitionbeat (000000005BBC48D8)
[LOG] SoundI::release                          :  (000000000CD603E8)
[LOG] SoundI::release                          :     Rock_Transitionbeat (000000005BBC4598)
[LOG] SoundI::release                          :  (000000005BBA2378)
[LOG] SoundI::release                          :     Rock_Inräkning_02 (000000005BBCBC48)
[LOG] SoundI::release                          :  (000000005BBA3A78)
[LOG] SoundI::release                          :     Rock_Inräkning_01 (000000005BBCBAA8)
[LOG] SoundI::release                          :  (000000000CE15B08)
[LOG] SoundI::release                          :     Rock_Robot (000000000CDEAC28)
[LOG] SoundI::release                          :  (000000000CD606C8)
[LOG] SoundI::release                          :     SFX_Health_Up (000000005BBC4DB8)
[LOG] SoundI::release                          :  (000000000CD609A8)
[LOG] SoundI::release                          :     SFX_Health_Damage (000000005BBC4A78)
[LOG] Thread::callback                         : FMOD Studio update thread finished.
[LOG] Thread::callback                         : FMOD Studio bank load thread finished.
[LOG] Profile::disconnectAll                   : Profiler disconnecting all clients
[LOG] Thread::callback                         : FMOD Studio sample load thread finished.
[LOG] LiveUpdate::release                      : 
[LOG] LiveUpdate::reset                        : Reset connection (reason Disconnected)
[LOG] Thread::callback                         : FMOD stream thread finished.
[LOG] Thread::callback                         : FMOD mixer thread finished.
[LOG] Profile::disconnectAll                   : Profiler disconnecting all clients
[LOG] SystemI::close                           : Closed.
